[TID: N/A][2021-03-25 10:21:21.637 [33m WARN[0;39m DruidAbstractDataSource:1489] discard long time none received connection. , jdbcUrl : jdbc:mysql://localhost:3306/horde?useUnicode=true&characterEncoding=utf-8&allowPublicKeyRetrieval=true&useSSL=false, version : 1.2.4, lastPacketReceivedIdleMillis : 179983
[TID: N/A][2021-03-25 10:22:15.291 [33m WARN[0;39m DruidAbstractDataSource:?] discard long time none received connection. , jdbcUrl : jdbc:mysql://localhost:3306/horde?useUnicode=true&characterEncoding=utf-8&allowPublicKeyRetrieval=true&useSSL=false, version : 1.2.4, lastPacketReceivedIdleMillis : 53650
[TID: N/A][2021-03-25 10:24:21.629 [33m WARN[0;39m DruidAbstractDataSource:?] discard long time none received connection. , jdbcUrl : jdbc:mysql://localhost:3306/horde?useUnicode=true&characterEncoding=utf-8&allowPublicKeyRetrieval=true&useSSL=false, version : 1.2.4, lastPacketReceivedIdleMillis : 125649
[TID: N/A][2021-03-25 10:25:15.285 [33m WARN[0;39m DruidAbstractDataSource:?] discard long time none received connection. , jdbcUrl : jdbc:mysql://localhost:3306/horde?useUnicode=true&characterEncoding=utf-8&allowPublicKeyRetrieval=true&useSSL=false, version : 1.2.4, lastPacketReceivedIdleMillis : 53652
[TID: N/A][2021-03-25 10:27:21.620 [33m WARN[0;39m DruidAbstractDataSource:?] discard long time none received connection. , jdbcUrl : jdbc:mysql://localhost:3306/horde?useUnicode=true&characterEncoding=utf-8&allowPublicKeyRetrieval=true&useSSL=false, version : 1.2.4, lastPacketReceivedIdleMillis : 125552
[TID: N/A][2021-03-25 10:28:15.272 [33m WARN[0;39m DruidAbstractDataSource:?] discard long time none received connection. , jdbcUrl : jdbc:mysql://localhost:3306/horde?useUnicode=true&characterEncoding=utf-8&allowPublicKeyRetrieval=true&useSSL=false, version : 1.2.4, lastPacketReceivedIdleMillis : 53649
[TID: N/A][2021-03-25 10:30:21.607 [33m WARN[0;39m DruidAbstractDataSource:?] discard long time none received connection. , jdbcUrl : jdbc:mysql://localhost:3306/horde?useUnicode=true&characterEncoding=utf-8&allowPublicKeyRetrieval=true&useSSL=false, version : 1.2.4, lastPacketReceivedIdleMillis : 125558
[TID: N/A][2021-03-25 10:31:15.248 [33m WARN[0;39m DruidAbstractDataSource:?] discard long time none received connection. , jdbcUrl : jdbc:mysql://localhost:3306/horde?useUnicode=true&characterEncoding=utf-8&allowPublicKeyRetrieval=true&useSSL=false, version : 1.2.4, lastPacketReceivedIdleMillis : 53638
[TID: N/A][2021-03-25 10:33:21.595 [33m WARN[0;39m DruidAbstractDataSource:?] discard long time none received connection. , jdbcUrl : jdbc:mysql://localhost:3306/horde?useUnicode=true&characterEncoding=utf-8&allowPublicKeyRetrieval=true&useSSL=false, version : 1.2.4, lastPacketReceivedIdleMillis : 125584
[TID: N/A][2021-03-25 10:34:15.216 [33m WARN[0;39m DruidAbstractDataSource:?] discard long time none received connection. , jdbcUrl : jdbc:mysql://localhost:3306/horde?useUnicode=true&characterEncoding=utf-8&allowPublicKeyRetrieval=true&useSSL=false, version : 1.2.4, lastPacketReceivedIdleMillis : 53617
[TID: N/A][2021-03-25 10:36:21.583 [33m WARN[0;39m DruidAbstractDataSource:?] discard long time none received connection. , jdbcUrl : jdbc:mysql://localhost:3306/horde?useUnicode=true&characterEncoding=utf-8&allowPublicKeyRetrieval=true&useSSL=false, version : 1.2.4, lastPacketReceivedIdleMillis : 125630
[TID: N/A][2021-03-25 10:37:15.206 [33m WARN[0;39m DruidAbstractDataSource:?] discard long time none received connection. , jdbcUrl : jdbc:mysql://localhost:3306/horde?useUnicode=true&characterEncoding=utf-8&allowPublicKeyRetrieval=true&useSSL=false, version : 1.2.4, lastPacketReceivedIdleMillis : 53620
[TID: N/A][2021-03-25 10:39:21.578 [33m WARN[0;39m DruidAbstractDataSource:?] discard long time none received connection. , jdbcUrl : jdbc:mysql://localhost:3306/horde?useUnicode=true&characterEncoding=utf-8&allowPublicKeyRetrieval=true&useSSL=false, version : 1.2.4, lastPacketReceivedIdleMillis : 125593
[TID: N/A][2021-03-25 10:40:15.188 [33m WARN[0;39m DruidAbstractDataSource:?] discard long time none received connection. , jdbcUrl : jdbc:mysql://localhost:3306/horde?useUnicode=true&characterEncoding=utf-8&allowPublicKeyRetrieval=true&useSSL=false, version : 1.2.4, lastPacketReceivedIdleMillis : 53606
[TID: N/A][2021-03-25 10:42:21.558 [33m WARN[0;39m DruidAbstractDataSource:?] discard long time none received connection. , jdbcUrl : jdbc:mysql://localhost:3306/horde?useUnicode=true&characterEncoding=utf-8&allowPublicKeyRetrieval=true&useSSL=false, version : 1.2.4, lastPacketReceivedIdleMillis : 125618
[TID: N/A][2021-03-25 10:43:15.178 [33m WARN[0;39m DruidAbstractDataSource:?] discard long time none received connection. , jdbcUrl : jdbc:mysql://localhost:3306/horde?useUnicode=true&characterEncoding=utf-8&allowPublicKeyRetrieval=true&useSSL=false, version : 1.2.4, lastPacketReceivedIdleMillis : 53616
[TID: N/A][2021-03-25 10:45:08.509 [32m INFO[0;39m DruidDataSource:?] {dataSource-1} closing ...
[TID: N/A][2021-03-25 10:45:08.511 [32m INFO[0;39m DruidDataSource:?] {dataSource-1} closed
[TID: N/A][2021-03-25 10:56:18.161 [32m INFO[0;39m HordeApplication:55] Starting HordeApplication using Java 1.8.0_271 on chenxiaotongs-iMac.local with PID 29724 (/Users/chenxiaotong/Work/yt/theone-tools/horde/target/classes started by chenxiaotong in /Users/chenxiaotong/Work/yt/theone-tools/0-tools)
[TID: N/A][2021-03-25 10:56:18.163 [32m INFO[0;39m HordeApplication:664] The following profiles are active: database
[TID: N/A][2021-03-25 10:56:19.554 [32m INFO[0;39m DruidDataSourceAutoConfigure:?] Init DruidDataSource
[TID: N/A][2021-03-25 10:56:19.775 [31mERROR[0;39m DruidDataSource:?] init datasource error, url: jdbc:mysql://192.168.0.112:3306/horde?useUnicode=true&characterEncoding=utf-8&allowPublicKeyRetrieval=true&useSSL=false
java.sql.SQLException: null,  message from server: "Host '192.168.0.112' is not allowed to connect to this MySQL server"
	at com.mysql.cj.jdbc.exceptions.SQLError.createSQLException(SQLError.java:129)
	at com.mysql.cj.jdbc.exceptions.SQLError.createSQLException(SQLError.java:97)
	at com.mysql.cj.jdbc.exceptions.SQLExceptionsMapping.translateException(SQLExceptionsMapping.java:122)
	at com.mysql.cj.jdbc.ConnectionImpl.createNewIO(ConnectionImpl.java:836)
	at com.mysql.cj.jdbc.ConnectionImpl.<init>(ConnectionImpl.java:456)
	at com.mysql.cj.jdbc.ConnectionImpl.getInstance(ConnectionImpl.java:246)
	at com.mysql.cj.jdbc.NonRegisteringDriver.connect(NonRegisteringDriver.java:198)
	at com.alibaba.druid.pool.DruidAbstractDataSource.createPhysicalConnection(DruidAbstractDataSource.java:1652)
	at com.alibaba.druid.pool.DruidAbstractDataSource.createPhysicalConnection(DruidAbstractDataSource.java:1718)
	at com.alibaba.druid.pool.DruidDataSource.init(DruidDataSource.java:914)
	at sun.reflect.NativeMethodAccessorImpl.invoke0(Native Method)
	at sun.reflect.NativeMethodAccessorImpl.invoke(NativeMethodAccessorImpl.java:62)
	at sun.reflect.DelegatingMethodAccessorImpl.invoke(DelegatingMethodAccessorImpl.java:43)
	at java.lang.reflect.Method.invoke(Method.java:498)
	at org.springframework.beans.factory.support.AbstractAutowireCapableBeanFactory.invokeCustomInitMethod(AbstractAutowireCapableBeanFactory.java:1912)
	at org.springframework.beans.factory.support.AbstractAutowireCapableBeanFactory.invokeInitMethods(AbstractAutowireCapableBeanFactory.java:1854)
	at org.springframework.beans.factory.support.AbstractAutowireCapableBeanFactory.initializeBean(AbstractAutowireCapableBeanFactory.java:1782)
	at org.springframework.beans.factory.support.AbstractAutowireCapableBeanFactory.doCreateBean(AbstractAutowireCapableBeanFactory.java:602)
	at org.springframework.beans.factory.support.AbstractAutowireCapableBeanFactory.createBean(AbstractAutowireCapableBeanFactory.java:524)
	at org.springframework.beans.factory.support.AbstractBeanFactory.lambda$doGetBean$0(AbstractBeanFactory.java:335)
	at org.springframework.beans.factory.support.DefaultSingletonBeanRegistry.getSingleton(DefaultSingletonBeanRegistry.java:234)
	at org.springframework.beans.factory.support.AbstractBeanFactory.doGetBean(AbstractBeanFactory.java:333)
	at org.springframework.beans.factory.support.AbstractBeanFactory.getBean(AbstractBeanFactory.java:208)
	at org.springframework.beans.factory.config.DependencyDescriptor.resolveCandidate(DependencyDescriptor.java:276)
	at org.springframework.beans.factory.support.DefaultListableBeanFactory.doResolveDependency(DefaultListableBeanFactory.java:1380)
	at org.springframework.beans.factory.support.DefaultListableBeanFactory.resolveDependency(DefaultListableBeanFactory.java:1300)
	at org.springframework.beans.factory.support.ConstructorResolver.resolveAutowiredArgument(ConstructorResolver.java:887)
	at org.springframework.beans.factory.support.ConstructorResolver.createArgumentArray(ConstructorResolver.java:791)
	at org.springframework.beans.factory.support.ConstructorResolver.instantiateUsingFactoryMethod(ConstructorResolver.java:541)
	at org.springframework.beans.factory.support.AbstractAutowireCapableBeanFactory.instantiateUsingFactoryMethod(AbstractAutowireCapableBeanFactory.java:1334)
	at org.springframework.beans.factory.support.AbstractAutowireCapableBeanFactory.createBeanInstance(AbstractAutowireCapableBeanFactory.java:1177)
	at org.springframework.beans.factory.support.AbstractAutowireCapableBeanFactory.doCreateBean(AbstractAutowireCapableBeanFactory.java:564)
	at org.springframework.beans.factory.support.AbstractAutowireCapableBeanFactory.createBean(AbstractAutowireCapableBeanFactory.java:524)
	at org.springframework.beans.factory.support.AbstractBeanFactory.lambda$doGetBean$0(AbstractBeanFactory.java:335)
	at org.springframework.beans.factory.support.DefaultSingletonBeanRegistry.getSingleton(DefaultSingletonBeanRegistry.java:234)
	at org.springframework.beans.factory.support.AbstractBeanFactory.doGetBean(AbstractBeanFactory.java:333)
	at org.springframework.beans.factory.support.AbstractBeanFactory.getBean(AbstractBeanFactory.java:208)
	at org.springframework.beans.factory.config.DependencyDescriptor.resolveCandidate(DependencyDescriptor.java:276)
	at org.springframework.beans.factory.support.DefaultListableBeanFactory.doResolveDependency(DefaultListableBeanFactory.java:1380)
	at org.springframework.beans.factory.support.DefaultListableBeanFactory.resolveDependency(DefaultListableBeanFactory.java:1300)
	at org.springframework.beans.factory.support.AbstractAutowireCapableBeanFactory.autowireByType(AbstractAutowireCapableBeanFactory.java:1501)
	at org.springframework.beans.factory.support.AbstractAutowireCapableBeanFactory.populateBean(AbstractAutowireCapableBeanFactory.java:1399)
	at org.springframework.beans.factory.support.AbstractAutowireCapableBeanFactory.doCreateBean(AbstractAutowireCapableBeanFactory.java:601)
	at org.springframework.beans.factory.support.AbstractAutowireCapableBeanFactory.createBean(AbstractAutowireCapableBeanFactory.java:524)
	at org.springframework.beans.factory.support.AbstractBeanFactory.lambda$doGetBean$0(AbstractBeanFactory.java:335)
	at org.springframework.beans.factory.support.DefaultSingletonBeanRegistry.getSingleton(DefaultSingletonBeanRegistry.java:234)
	at org.springframework.beans.factory.support.AbstractBeanFactory.doGetBean(AbstractBeanFactory.java:333)
	at org.springframework.beans.factory.support.AbstractBeanFactory.getBean(AbstractBeanFactory.java:213)
	at org.springframework.beans.factory.support.AbstractAutowireCapableBeanFactory.resolveBeanByName(AbstractAutowireCapableBeanFactory.java:461)
	at org.springframework.context.annotation.CommonAnnotationBeanPostProcessor.autowireResource(CommonAnnotationBeanPostProcessor.java:527)
	at org.springframework.context.annotation.CommonAnnotationBeanPostProcessor.getResource(CommonAnnotationBeanPostProcessor.java:497)
	at org.springframework.context.annotation.CommonAnnotationBeanPostProcessor$ResourceElement.getResourceToInject(CommonAnnotationBeanPostProcessor.java:650)
	at org.springframework.beans.factory.annotation.InjectionMetadata$InjectedElement.inject(InjectionMetadata.java:228)
	at org.springframework.beans.factory.annotation.InjectionMetadata.inject(InjectionMetadata.java:119)
	at org.springframework.context.annotation.CommonAnnotationBeanPostProcessor.postProcessProperties(CommonAnnotationBeanPostProcessor.java:318)
	at org.springframework.beans.factory.support.AbstractAutowireCapableBeanFactory.populateBean(AbstractAutowireCapableBeanFactory.java:1413)
	at org.springframework.beans.factory.support.AbstractAutowireCapableBeanFactory.doCreateBean(AbstractAutowireCapableBeanFactory.java:601)
	at org.springframework.beans.factory.support.AbstractAutowireCapableBeanFactory.createBean(AbstractAutowireCapableBeanFactory.java:524)
	at org.springframework.beans.factory.support.AbstractBeanFactory.lambda$doGetBean$0(AbstractBeanFactory.java:335)
	at org.springframework.beans.factory.support.DefaultSingletonBeanRegistry.getSingleton(DefaultSingletonBeanRegistry.java:234)
	at org.springframework.beans.factory.support.AbstractBeanFactory.doGetBean(AbstractBeanFactory.java:333)
	at org.springframework.beans.factory.support.AbstractBeanFactory.getBean(AbstractBeanFactory.java:208)
	at org.springframework.beans.factory.config.DependencyDescriptor.resolveCandidate(DependencyDescriptor.java:276)
	at org.springframework.beans.factory.support.DefaultListableBeanFactory.doResolveDependency(DefaultListableBeanFactory.java:1380)
	at org.springframework.beans.factory.support.DefaultListableBeanFactory.resolveDependency(DefaultListableBeanFactory.java:1300)
	at org.springframework.context.annotation.CommonAnnotationBeanPostProcessor.autowireResource(CommonAnnotationBeanPostProcessor.java:521)
	at org.springframework.context.annotation.CommonAnnotationBeanPostProcessor.getResource(CommonAnnotationBeanPostProcessor.java:497)
	at org.springframework.context.annotation.CommonAnnotationBeanPostProcessor$ResourceElement.getResourceToInject(CommonAnnotationBeanPostProcessor.java:650)
	at org.springframework.beans.factory.annotation.InjectionMetadata$InjectedElement.inject(InjectionMetadata.java:228)
	at org.springframework.beans.factory.annotation.InjectionMetadata.inject(InjectionMetadata.java:119)
	at org.springframework.context.annotation.CommonAnnotationBeanPostProcessor.postProcessProperties(CommonAnnotationBeanPostProcessor.java:318)
	at org.springframework.beans.factory.support.AbstractAutowireCapableBeanFactory.populateBean(AbstractAutowireCapableBeanFactory.java:1413)
	at org.springframework.beans.factory.support.AbstractAutowireCapableBeanFactory.doCreateBean(AbstractAutowireCapableBeanFactory.java:601)
	at org.springframework.beans.factory.support.AbstractAutowireCapableBeanFactory.createBean(AbstractAutowireCapableBeanFactory.java:524)
	at org.springframework.beans.factory.support.AbstractBeanFactory.lambda$doGetBean$0(AbstractBeanFactory.java:335)
	at org.springframework.beans.factory.support.DefaultSingletonBeanRegistry.getSingleton(DefaultSingletonBeanRegistry.java:234)
	at org.springframework.beans.factory.support.AbstractBeanFactory.doGetBean(AbstractBeanFactory.java:333)
	at org.springframework.beans.factory.support.AbstractBeanFactory.getBean(AbstractBeanFactory.java:208)
	at org.springframework.beans.factory.support.DefaultListableBeanFactory.preInstantiateSingletons(DefaultListableBeanFactory.java:944)
	at org.springframework.context.support.AbstractApplicationContext.finishBeanFactoryInitialization(AbstractApplicationContext.java:917)
	at org.springframework.context.support.AbstractApplicationContext.refresh(AbstractApplicationContext.java:582)
	at org.springframework.boot.web.servlet.context.ServletWebServerApplicationContext.refresh(ServletWebServerApplicationContext.java:144)
	at org.springframework.boot.SpringApplication.refresh(SpringApplication.java:767)
	at org.springframework.boot.SpringApplication.refresh(SpringApplication.java:759)
	at org.springframework.boot.SpringApplication.refreshContext(SpringApplication.java:426)
	at org.springframework.boot.SpringApplication.run(SpringApplication.java:326)
	at org.springframework.boot.SpringApplication.run(SpringApplication.java:1311)
	at org.springframework.boot.SpringApplication.run(SpringApplication.java:1300)
	at com.theone.tools.horde.HordeApplication.main(HordeApplication.java:18)
[TID: N/A][2021-03-25 10:56:19.779 [31mERROR[0;39m DruidDataSource:?] {dataSource-1} init error
java.sql.SQLException: null,  message from server: "Host '192.168.0.112' is not allowed to connect to this MySQL server"
	at com.mysql.cj.jdbc.exceptions.SQLError.createSQLException(SQLError.java:129)
	at com.mysql.cj.jdbc.exceptions.SQLError.createSQLException(SQLError.java:97)
	at com.mysql.cj.jdbc.exceptions.SQLExceptionsMapping.translateException(SQLExceptionsMapping.java:122)
	at com.mysql.cj.jdbc.ConnectionImpl.createNewIO(ConnectionImpl.java:836)
	at com.mysql.cj.jdbc.ConnectionImpl.<init>(ConnectionImpl.java:456)
	at com.mysql.cj.jdbc.ConnectionImpl.getInstance(ConnectionImpl.java:246)
	at com.mysql.cj.jdbc.NonRegisteringDriver.connect(NonRegisteringDriver.java:198)
	at com.alibaba.druid.pool.DruidAbstractDataSource.createPhysicalConnection(DruidAbstractDataSource.java:1652)
	at com.alibaba.druid.pool.DruidAbstractDataSource.createPhysicalConnection(DruidAbstractDataSource.java:1718)
	at com.alibaba.druid.pool.DruidDataSource.init(DruidDataSource.java:914)
	at sun.reflect.NativeMethodAccessorImpl.invoke0(Native Method)
	at sun.reflect.NativeMethodAccessorImpl.invoke(NativeMethodAccessorImpl.java:62)
	at sun.reflect.DelegatingMethodAccessorImpl.invoke(DelegatingMethodAccessorImpl.java:43)
	at java.lang.reflect.Method.invoke(Method.java:498)
	at org.springframework.beans.factory.support.AbstractAutowireCapableBeanFactory.invokeCustomInitMethod(AbstractAutowireCapableBeanFactory.java:1912)
	at org.springframework.beans.factory.support.AbstractAutowireCapableBeanFactory.invokeInitMethods(AbstractAutowireCapableBeanFactory.java:1854)
	at org.springframework.beans.factory.support.AbstractAutowireCapableBeanFactory.initializeBean(AbstractAutowireCapableBeanFactory.java:1782)
	at org.springframework.beans.factory.support.AbstractAutowireCapableBeanFactory.doCreateBean(AbstractAutowireCapableBeanFactory.java:602)
	at org.springframework.beans.factory.support.AbstractAutowireCapableBeanFactory.createBean(AbstractAutowireCapableBeanFactory.java:524)
	at org.springframework.beans.factory.support.AbstractBeanFactory.lambda$doGetBean$0(AbstractBeanFactory.java:335)
	at org.springframework.beans.factory.support.DefaultSingletonBeanRegistry.getSingleton(DefaultSingletonBeanRegistry.java:234)
	at org.springframework.beans.factory.support.AbstractBeanFactory.doGetBean(AbstractBeanFactory.java:333)
	at org.springframework.beans.factory.support.AbstractBeanFactory.getBean(AbstractBeanFactory.java:208)
	at org.springframework.beans.factory.config.DependencyDescriptor.resolveCandidate(DependencyDescriptor.java:276)
	at org.springframework.beans.factory.support.DefaultListableBeanFactory.doResolveDependency(DefaultListableBeanFactory.java:1380)
	at org.springframework.beans.factory.support.DefaultListableBeanFactory.resolveDependency(DefaultListableBeanFactory.java:1300)
	at org.springframework.beans.factory.support.ConstructorResolver.resolveAutowiredArgument(ConstructorResolver.java:887)
	at org.springframework.beans.factory.support.ConstructorResolver.createArgumentArray(ConstructorResolver.java:791)
	at org.springframework.beans.factory.support.ConstructorResolver.instantiateUsingFactoryMethod(ConstructorResolver.java:541)
	at org.springframework.beans.factory.support.AbstractAutowireCapableBeanFactory.instantiateUsingFactoryMethod(AbstractAutowireCapableBeanFactory.java:1334)
	at org.springframework.beans.factory.support.AbstractAutowireCapableBeanFactory.createBeanInstance(AbstractAutowireCapableBeanFactory.java:1177)
	at org.springframework.beans.factory.support.AbstractAutowireCapableBeanFactory.doCreateBean(AbstractAutowireCapableBeanFactory.java:564)
	at org.springframework.beans.factory.support.AbstractAutowireCapableBeanFactory.createBean(AbstractAutowireCapableBeanFactory.java:524)
	at org.springframework.beans.factory.support.AbstractBeanFactory.lambda$doGetBean$0(AbstractBeanFactory.java:335)
	at org.springframework.beans.factory.support.DefaultSingletonBeanRegistry.getSingleton(DefaultSingletonBeanRegistry.java:234)
	at org.springframework.beans.factory.support.AbstractBeanFactory.doGetBean(AbstractBeanFactory.java:333)
	at org.springframework.beans.factory.support.AbstractBeanFactory.getBean(AbstractBeanFactory.java:208)
	at org.springframework.beans.factory.config.DependencyDescriptor.resolveCandidate(DependencyDescriptor.java:276)
	at org.springframework.beans.factory.support.DefaultListableBeanFactory.doResolveDependency(DefaultListableBeanFactory.java:1380)
	at org.springframework.beans.factory.support.DefaultListableBeanFactory.resolveDependency(DefaultListableBeanFactory.java:1300)
	at org.springframework.beans.factory.support.AbstractAutowireCapableBeanFactory.autowireByType(AbstractAutowireCapableBeanFactory.java:1501)
	at org.springframework.beans.factory.support.AbstractAutowireCapableBeanFactory.populateBean(AbstractAutowireCapableBeanFactory.java:1399)
	at org.springframework.beans.factory.support.AbstractAutowireCapableBeanFactory.doCreateBean(AbstractAutowireCapableBeanFactory.java:601)
	at org.springframework.beans.factory.support.AbstractAutowireCapableBeanFactory.createBean(AbstractAutowireCapableBeanFactory.java:524)
	at org.springframework.beans.factory.support.AbstractBeanFactory.lambda$doGetBean$0(AbstractBeanFactory.java:335)
	at org.springframework.beans.factory.support.DefaultSingletonBeanRegistry.getSingleton(DefaultSingletonBeanRegistry.java:234)
	at org.springframework.beans.factory.support.AbstractBeanFactory.doGetBean(AbstractBeanFactory.java:333)
	at org.springframework.beans.factory.support.AbstractBeanFactory.getBean(AbstractBeanFactory.java:213)
	at org.springframework.beans.factory.support.AbstractAutowireCapableBeanFactory.resolveBeanByName(AbstractAutowireCapableBeanFactory.java:461)
	at org.springframework.context.annotation.CommonAnnotationBeanPostProcessor.autowireResource(CommonAnnotationBeanPostProcessor.java:527)
	at org.springframework.context.annotation.CommonAnnotationBeanPostProcessor.getResource(CommonAnnotationBeanPostProcessor.java:497)
	at org.springframework.context.annotation.CommonAnnotationBeanPostProcessor$ResourceElement.getResourceToInject(CommonAnnotationBeanPostProcessor.java:650)
	at org.springframework.beans.factory.annotation.InjectionMetadata$InjectedElement.inject(InjectionMetadata.java:228)
	at org.springframework.beans.factory.annotation.InjectionMetadata.inject(InjectionMetadata.java:119)
	at org.springframework.context.annotation.CommonAnnotationBeanPostProcessor.postProcessProperties(CommonAnnotationBeanPostProcessor.java:318)
	at org.springframework.beans.factory.support.AbstractAutowireCapableBeanFactory.populateBean(AbstractAutowireCapableBeanFactory.java:1413)
	at org.springframework.beans.factory.support.AbstractAutowireCapableBeanFactory.doCreateBean(AbstractAutowireCapableBeanFactory.java:601)
	at org.springframework.beans.factory.support.AbstractAutowireCapableBeanFactory.createBean(AbstractAutowireCapableBeanFactory.java:524)
	at org.springframework.beans.factory.support.AbstractBeanFactory.lambda$doGetBean$0(AbstractBeanFactory.java:335)
	at org.springframework.beans.factory.support.DefaultSingletonBeanRegistry.getSingleton(DefaultSingletonBeanRegistry.java:234)
	at org.springframework.beans.factory.support.AbstractBeanFactory.doGetBean(AbstractBeanFactory.java:333)
	at org.springframework.beans.factory.support.AbstractBeanFactory.getBean(AbstractBeanFactory.java:208)
	at org.springframework.beans.factory.config.DependencyDescriptor.resolveCandidate(DependencyDescriptor.java:276)
	at org.springframework.beans.factory.support.DefaultListableBeanFactory.doResolveDependency(DefaultListableBeanFactory.java:1380)
	at org.springframework.beans.factory.support.DefaultListableBeanFactory.resolveDependency(DefaultListableBeanFactory.java:1300)
	at org.springframework.context.annotation.CommonAnnotationBeanPostProcessor.autowireResource(CommonAnnotationBeanPostProcessor.java:521)
	at org.springframework.context.annotation.CommonAnnotationBeanPostProcessor.getResource(CommonAnnotationBeanPostProcessor.java:497)
	at org.springframework.context.annotation.CommonAnnotationBeanPostProcessor$ResourceElement.getResourceToInject(CommonAnnotationBeanPostProcessor.java:650)
	at org.springframework.beans.factory.annotation.InjectionMetadata$InjectedElement.inject(InjectionMetadata.java:228)
	at org.springframework.beans.factory.annotation.InjectionMetadata.inject(InjectionMetadata.java:119)
	at org.springframework.context.annotation.CommonAnnotationBeanPostProcessor.postProcessProperties(CommonAnnotationBeanPostProcessor.java:318)
	at org.springframework.beans.factory.support.AbstractAutowireCapableBeanFactory.populateBean(AbstractAutowireCapableBeanFactory.java:1413)
	at org.springframework.beans.factory.support.AbstractAutowireCapableBeanFactory.doCreateBean(AbstractAutowireCapableBeanFactory.java:601)
	at org.springframework.beans.factory.support.AbstractAutowireCapableBeanFactory.createBean(AbstractAutowireCapableBeanFactory.java:524)
	at org.springframework.beans.factory.support.AbstractBeanFactory.lambda$doGetBean$0(AbstractBeanFactory.java:335)
	at org.springframework.beans.factory.support.DefaultSingletonBeanRegistry.getSingleton(DefaultSingletonBeanRegistry.java:234)
	at org.springframework.beans.factory.support.AbstractBeanFactory.doGetBean(AbstractBeanFactory.java:333)
	at org.springframework.beans.factory.support.AbstractBeanFactory.getBean(AbstractBeanFactory.java:208)
	at org.springframework.beans.factory.support.DefaultListableBeanFactory.preInstantiateSingletons(DefaultListableBeanFactory.java:944)
	at org.springframework.context.support.AbstractApplicationContext.finishBeanFactoryInitialization(AbstractApplicationContext.java:917)
	at org.springframework.context.support.AbstractApplicationContext.refresh(AbstractApplicationContext.java:582)
	at org.springframework.boot.web.servlet.context.ServletWebServerApplicationContext.refresh(ServletWebServerApplicationContext.java:144)
	at org.springframework.boot.SpringApplication.refresh(SpringApplication.java:767)
	at org.springframework.boot.SpringApplication.refresh(SpringApplication.java:759)
	at org.springframework.boot.SpringApplication.refreshContext(SpringApplication.java:426)
	at org.springframework.boot.SpringApplication.run(SpringApplication.java:326)
	at org.springframework.boot.SpringApplication.run(SpringApplication.java:1311)
	at org.springframework.boot.SpringApplication.run(SpringApplication.java:1300)
	at com.theone.tools.horde.HordeApplication.main(HordeApplication.java:18)
[TID: N/A][2021-03-25 10:56:19.779 [32m INFO[0;39m DruidDataSource:985] {dataSource-1} inited
[TID: N/A][2021-03-25 10:56:19.781 [31mERROR[0;39m DruidDataSource:2787] create connection SQLException, url: jdbc:mysql://192.168.0.112:3306/horde?useUnicode=true&characterEncoding=utf-8&allowPublicKeyRetrieval=true&useSSL=false, errorCode 1130, state HY000
java.sql.SQLException: null,  message from server: "Host '192.168.0.112' is not allowed to connect to this MySQL server"
	at com.mysql.cj.jdbc.exceptions.SQLError.createSQLException(SQLError.java:129)
	at com.mysql.cj.jdbc.exceptions.SQLError.createSQLException(SQLError.java:97)
	at com.mysql.cj.jdbc.exceptions.SQLExceptionsMapping.translateException(SQLExceptionsMapping.java:122)
	at com.mysql.cj.jdbc.ConnectionImpl.createNewIO(ConnectionImpl.java:836)
	at com.mysql.cj.jdbc.ConnectionImpl.<init>(ConnectionImpl.java:456)
	at com.mysql.cj.jdbc.ConnectionImpl.getInstance(ConnectionImpl.java:246)
	at com.mysql.cj.jdbc.NonRegisteringDriver.connect(NonRegisteringDriver.java:198)
	at com.alibaba.druid.pool.DruidAbstractDataSource.createPhysicalConnection(DruidAbstractDataSource.java:1652)
	at com.alibaba.druid.pool.DruidAbstractDataSource.createPhysicalConnection(DruidAbstractDataSource.java:1718)
	at com.alibaba.druid.pool.DruidDataSource$CreateConnectionThread.run(DruidDataSource.java:2785)
[TID: N/A][2021-03-25 10:56:19.782 [31mERROR[0;39m DruidDataSource:2787] create connection SQLException, url: jdbc:mysql://192.168.0.112:3306/horde?useUnicode=true&characterEncoding=utf-8&allowPublicKeyRetrieval=true&useSSL=false, errorCode 1130, state HY000
java.sql.SQLException: null,  message from server: "Host '192.168.0.112' is not allowed to connect to this MySQL server"
	at com.mysql.cj.jdbc.exceptions.SQLError.createSQLException(SQLError.java:129)
	at com.mysql.cj.jdbc.exceptions.SQLError.createSQLException(SQLError.java:97)
	at com.mysql.cj.jdbc.exceptions.SQLExceptionsMapping.translateException(SQLExceptionsMapping.java:122)
	at com.mysql.cj.jdbc.ConnectionImpl.createNewIO(ConnectionImpl.java:836)
	at com.mysql.cj.jdbc.ConnectionImpl.<init>(ConnectionImpl.java:456)
	at com.mysql.cj.jdbc.ConnectionImpl.getInstance(ConnectionImpl.java:246)
	at com.mysql.cj.jdbc.NonRegisteringDriver.connect(NonRegisteringDriver.java:198)
	at com.alibaba.druid.pool.DruidAbstractDataSource.createPhysicalConnection(DruidAbstractDataSource.java:1652)
	at com.alibaba.druid.pool.DruidAbstractDataSource.createPhysicalConnection(DruidAbstractDataSource.java:1718)
	at com.alibaba.druid.pool.DruidDataSource$CreateConnectionThread.run(DruidDataSource.java:2785)
[TID: N/A][2021-03-25 10:56:19.782 [32m INFO[0;39m DruidAbstractDataSource:1799] {dataSource-1} failContinuous is true
[TID: N/A][2021-03-25 10:56:36.232 [32m INFO[0;39m HordeApplication:55] Starting HordeApplication using Java 1.8.0_271 on chenxiaotongs-iMac.local with PID 29731 (/Users/chenxiaotong/Work/yt/theone-tools/horde/target/classes started by chenxiaotong in /Users/chenxiaotong/Work/yt/theone-tools/0-tools)
[TID: N/A][2021-03-25 10:56:36.235 [32m INFO[0;39m HordeApplication:664] The following profiles are active: database
[TID: N/A][2021-03-25 10:56:37.702 [32m INFO[0;39m DruidDataSourceAutoConfigure:?] Init DruidDataSource
[TID: N/A][2021-03-25 10:56:37.994 [32m INFO[0;39m DruidDataSource:?] {dataSource-1} inited
[TID: N/A][2021-03-25 10:56:38.865 [32m INFO[0;39m HordeApplication:61] Started HordeApplication in 3.048 seconds (JVM running for 3.579)
[TID: N/A][2021-03-25 10:56:42.712 [32m INFO[0;39m DruidDataSource:2032] {dataSource-1} closing ...
[TID: N/A][2021-03-25 10:56:42.716 [32m INFO[0;39m DruidDataSource:2104] {dataSource-1} closed
[TID: N/A][2021-03-25 12:17:47.085 [32m INFO[0;39m HordeApplication:55] Starting HordeApplication using Java 1.8.0_271 on chenxiaotongs-iMac.local with PID 31987 (/Users/chenxiaotong/Work/yt/theone-tools/horde/target/classes started by chenxiaotong in /Users/chenxiaotong/Work/yt/theone-tools/0-tools)
[TID: N/A][2021-03-25 12:17:47.087 [32m INFO[0;39m HordeApplication:664] The following profiles are active: database
[TID: N/A][2021-03-25 12:17:48.488 [32m INFO[0;39m DruidDataSourceAutoConfigure:?] Init DruidDataSource
[TID: N/A][2021-03-25 12:17:48.769 [32m INFO[0;39m DruidDataSource:?] {dataSource-1} inited
[TID: N/A][2021-03-25 12:17:49.685 [32m INFO[0;39m HordeApplication:61] Started HordeApplication in 2.999 seconds (JVM running for 3.514)
[TID: N/A][2021-03-25 12:20:49.936 [33m WARN[0;39m DruidAbstractDataSource:?] discard long time none received connection. , jdbcUrl : jdbc:mysql://localhost:3306/horde?useUnicode=true&characterEncoding=utf-8&allowPublicKeyRetrieval=true&useSSL=false, version : 1.2.4, lastPacketReceivedIdleMillis : 178848
[TID: N/A][2021-03-25 12:20:49.937 [33m WARN[0;39m DruidAbstractDataSource:?] discard long time none received connection. , jdbcUrl : jdbc:mysql://localhost:3306/horde?useUnicode=true&characterEncoding=utf-8&allowPublicKeyRetrieval=true&useSSL=false, version : 1.2.4, lastPacketReceivedIdleMillis : 181174
[TID: N/A][2021-03-25 12:20:49.937 [33m WARN[0;39m DruidAbstractDataSource:?] discard long time none received connection. , jdbcUrl : jdbc:mysql://localhost:3306/horde?useUnicode=true&characterEncoding=utf-8&allowPublicKeyRetrieval=true&useSSL=false, version : 1.2.4, lastPacketReceivedIdleMillis : 181178
[TID: N/A][2021-03-25 12:21:52.699 [33m WARN[0;39m DruidAbstractDataSource:?] discard long time none received connection. , jdbcUrl : jdbc:mysql://localhost:3306/horde?useUnicode=true&characterEncoding=utf-8&allowPublicKeyRetrieval=true&useSSL=false, version : 1.2.4, lastPacketReceivedIdleMillis : 61966
[TID: N/A][2021-03-25 12:23:49.859 [33m WARN[0;39m DruidAbstractDataSource:?] discard long time none received connection. , jdbcUrl : jdbc:mysql://localhost:3306/horde?useUnicode=true&characterEncoding=utf-8&allowPublicKeyRetrieval=true&useSSL=false, version : 1.2.4, lastPacketReceivedIdleMillis : 117157
[TID: N/A][2021-03-25 12:26:49.870 [33m WARN[0;39m DruidAbstractDataSource:?] discard long time none received connection. , jdbcUrl : jdbc:mysql://localhost:3306/horde?useUnicode=true&characterEncoding=utf-8&allowPublicKeyRetrieval=true&useSSL=false, version : 1.2.4, lastPacketReceivedIdleMillis : 179260
[TID: N/A][2021-03-25 12:29:49.835 [33m WARN[0;39m DruidAbstractDataSource:?] discard long time none received connection. , jdbcUrl : jdbc:mysql://localhost:3306/horde?useUnicode=true&characterEncoding=utf-8&allowPublicKeyRetrieval=true&useSSL=false, version : 1.2.4, lastPacketReceivedIdleMillis : 179137
[TID: N/A][2021-03-25 12:32:49.911 [33m WARN[0;39m DruidAbstractDataSource:?] discard long time none received connection. , jdbcUrl : jdbc:mysql://localhost:3306/horde?useUnicode=true&characterEncoding=utf-8&allowPublicKeyRetrieval=true&useSSL=false, version : 1.2.4, lastPacketReceivedIdleMillis : 179278
[TID: N/A][2021-03-25 12:35:49.939 [33m WARN[0;39m DruidAbstractDataSource:?] discard long time none received connection. , jdbcUrl : jdbc:mysql://localhost:3306/horde?useUnicode=true&characterEncoding=utf-8&allowPublicKeyRetrieval=true&useSSL=false, version : 1.2.4, lastPacketReceivedIdleMillis : 179249
[TID: N/A][2021-03-25 12:38:49.931 [33m WARN[0;39m DruidAbstractDataSource:?] discard long time none received connection. , jdbcUrl : jdbc:mysql://localhost:3306/horde?useUnicode=true&characterEncoding=utf-8&allowPublicKeyRetrieval=true&useSSL=false, version : 1.2.4, lastPacketReceivedIdleMillis : 179222
[TID: N/A][2021-03-25 12:41:49.909 [33m WARN[0;39m DruidAbstractDataSource:?] discard long time none received connection. , jdbcUrl : jdbc:mysql://localhost:3306/horde?useUnicode=true&characterEncoding=utf-8&allowPublicKeyRetrieval=true&useSSL=false, version : 1.2.4, lastPacketReceivedIdleMillis : 179223
[TID: N/A][2021-03-25 12:44:49.895 [33m WARN[0;39m DruidAbstractDataSource:?] discard long time none received connection. , jdbcUrl : jdbc:mysql://localhost:3306/horde?useUnicode=true&characterEncoding=utf-8&allowPublicKeyRetrieval=true&useSSL=false, version : 1.2.4, lastPacketReceivedIdleMillis : 179194
[TID: N/A][2021-03-25 12:47:49.954 [33m WARN[0;39m DruidAbstractDataSource:?] discard long time none received connection. , jdbcUrl : jdbc:mysql://localhost:3306/horde?useUnicode=true&characterEncoding=utf-8&allowPublicKeyRetrieval=true&useSSL=false, version : 1.2.4, lastPacketReceivedIdleMillis : 179299
[TID: N/A][2021-03-25 12:50:49.945 [33m WARN[0;39m DruidAbstractDataSource:?] discard long time none received connection. , jdbcUrl : jdbc:mysql://localhost:3306/horde?useUnicode=true&characterEncoding=utf-8&allowPublicKeyRetrieval=true&useSSL=false, version : 1.2.4, lastPacketReceivedIdleMillis : 179218
[TID: N/A][2021-03-25 12:53:49.872 [33m WARN[0;39m DruidAbstractDataSource:?] discard long time none received connection. , jdbcUrl : jdbc:mysql://localhost:3306/horde?useUnicode=true&characterEncoding=utf-8&allowPublicKeyRetrieval=true&useSSL=false, version : 1.2.4, lastPacketReceivedIdleMillis : 179206
[TID: N/A][2021-03-25 12:56:49.891 [33m WARN[0;39m DruidAbstractDataSource:?] discard long time none received connection. , jdbcUrl : jdbc:mysql://localhost:3306/horde?useUnicode=true&characterEncoding=utf-8&allowPublicKeyRetrieval=true&useSSL=false, version : 1.2.4, lastPacketReceivedIdleMillis : 179262
[TID: N/A][2021-03-25 12:59:49.875 [33m WARN[0;39m DruidAbstractDataSource:?] discard long time none received connection. , jdbcUrl : jdbc:mysql://localhost:3306/horde?useUnicode=true&characterEncoding=utf-8&allowPublicKeyRetrieval=true&useSSL=false, version : 1.2.4, lastPacketReceivedIdleMillis : 179154
[TID: N/A][2021-03-25 13:02:49.855 [33m WARN[0;39m DruidAbstractDataSource:?] discard long time none received connection. , jdbcUrl : jdbc:mysql://localhost:3306/horde?useUnicode=true&characterEncoding=utf-8&allowPublicKeyRetrieval=true&useSSL=false, version : 1.2.4, lastPacketReceivedIdleMillis : 179216
[TID: N/A][2021-03-25 13:05:49.832 [33m WARN[0;39m DruidAbstractDataSource:?] discard long time none received connection. , jdbcUrl : jdbc:mysql://localhost:3306/horde?useUnicode=true&characterEncoding=utf-8&allowPublicKeyRetrieval=true&useSSL=false, version : 1.2.4, lastPacketReceivedIdleMillis : 179236
[TID: N/A][2021-03-25 13:08:49.849 [33m WARN[0;39m DruidAbstractDataSource:?] discard long time none received connection. , jdbcUrl : jdbc:mysql://localhost:3306/horde?useUnicode=true&characterEncoding=utf-8&allowPublicKeyRetrieval=true&useSSL=false, version : 1.2.4, lastPacketReceivedIdleMillis : 179193
[TID: N/A][2021-03-25 13:11:49.815 [33m WARN[0;39m DruidAbstractDataSource:?] discard long time none received connection. , jdbcUrl : jdbc:mysql://localhost:3306/horde?useUnicode=true&characterEncoding=utf-8&allowPublicKeyRetrieval=true&useSSL=false, version : 1.2.4, lastPacketReceivedIdleMillis : 179218
[TID: N/A][2021-03-25 13:14:49.827 [33m WARN[0;39m DruidAbstractDataSource:?] discard long time none received connection. , jdbcUrl : jdbc:mysql://localhost:3306/horde?useUnicode=true&characterEncoding=utf-8&allowPublicKeyRetrieval=true&useSSL=false, version : 1.2.4, lastPacketReceivedIdleMillis : 179287
[TID: N/A][2021-03-25 13:17:49.835 [33m WARN[0;39m DruidAbstractDataSource:?] discard long time none received connection. , jdbcUrl : jdbc:mysql://localhost:3306/horde?useUnicode=true&characterEncoding=utf-8&allowPublicKeyRetrieval=true&useSSL=false, version : 1.2.4, lastPacketReceivedIdleMillis : 179262
[TID: N/A][2021-03-25 13:20:49.830 [33m WARN[0;39m DruidAbstractDataSource:?] discard long time none received connection. , jdbcUrl : jdbc:mysql://localhost:3306/horde?useUnicode=true&characterEncoding=utf-8&allowPublicKeyRetrieval=true&useSSL=false, version : 1.2.4, lastPacketReceivedIdleMillis : 179254
[TID: N/A][2021-03-25 13:23:49.819 [33m WARN[0;39m DruidAbstractDataSource:?] discard long time none received connection. , jdbcUrl : jdbc:mysql://localhost:3306/horde?useUnicode=true&characterEncoding=utf-8&allowPublicKeyRetrieval=true&useSSL=false, version : 1.2.4, lastPacketReceivedIdleMillis : 179219
[TID: N/A][2021-03-25 13:26:49.806 [33m WARN[0;39m DruidAbstractDataSource:?] discard long time none received connection. , jdbcUrl : jdbc:mysql://localhost:3306/horde?useUnicode=true&characterEncoding=utf-8&allowPublicKeyRetrieval=true&useSSL=false, version : 1.2.4, lastPacketReceivedIdleMillis : 179243
[TID: N/A][2021-03-25 13:29:49.833 [33m WARN[0;39m DruidAbstractDataSource:?] discard long time none received connection. , jdbcUrl : jdbc:mysql://localhost:3306/horde?useUnicode=true&characterEncoding=utf-8&allowPublicKeyRetrieval=true&useSSL=false, version : 1.2.4, lastPacketReceivedIdleMillis : 179311
[TID: N/A][2021-03-25 13:32:49.803 [33m WARN[0;39m DruidAbstractDataSource:?] discard long time none received connection. , jdbcUrl : jdbc:mysql://localhost:3306/horde?useUnicode=true&characterEncoding=utf-8&allowPublicKeyRetrieval=true&useSSL=false, version : 1.2.4, lastPacketReceivedIdleMillis : 178974
[TID: N/A][2021-03-25 13:35:49.819 [33m WARN[0;39m DruidAbstractDataSource:?] discard long time none received connection. , jdbcUrl : jdbc:mysql://localhost:3306/horde?useUnicode=true&characterEncoding=utf-8&allowPublicKeyRetrieval=true&useSSL=false, version : 1.2.4, lastPacketReceivedIdleMillis : 179298
[TID: N/A][2021-03-25 13:38:51.467 [33m WARN[0;39m DruidAbstractDataSource:?] discard long time none received connection. , jdbcUrl : jdbc:mysql://localhost:3306/horde?useUnicode=true&characterEncoding=utf-8&allowPublicKeyRetrieval=true&useSSL=false, version : 1.2.4, lastPacketReceivedIdleMillis : 180924
[TID: N/A][2021-03-25 13:41:53.117 [33m WARN[0;39m DruidAbstractDataSource:?] discard long time none received connection. , jdbcUrl : jdbc:mysql://localhost:3306/horde?useUnicode=true&characterEncoding=utf-8&allowPublicKeyRetrieval=true&useSSL=false, version : 1.2.4, lastPacketReceivedIdleMillis : 179588
[TID: N/A][2021-03-25 13:44:49.783 [33m WARN[0;39m DruidAbstractDataSource:?] discard long time none received connection. , jdbcUrl : jdbc:mysql://localhost:3306/horde?useUnicode=true&characterEncoding=utf-8&allowPublicKeyRetrieval=true&useSSL=false, version : 1.2.4, lastPacketReceivedIdleMillis : 173848
[TID: N/A][2021-03-25 13:47:49.805 [33m WARN[0;39m DruidAbstractDataSource:?] discard long time none received connection. , jdbcUrl : jdbc:mysql://localhost:3306/horde?useUnicode=true&characterEncoding=utf-8&allowPublicKeyRetrieval=true&useSSL=false, version : 1.2.4, lastPacketReceivedIdleMillis : 178937
[TID: N/A][2021-03-25 13:50:49.849 [33m WARN[0;39m DruidAbstractDataSource:?] discard long time none received connection. , jdbcUrl : jdbc:mysql://localhost:3306/horde?useUnicode=true&characterEncoding=utf-8&allowPublicKeyRetrieval=true&useSSL=false, version : 1.2.4, lastPacketReceivedIdleMillis : 179306
[TID: N/A][2021-03-25 13:53:49.804 [33m WARN[0;39m DruidAbstractDataSource:?] discard long time none received connection. , jdbcUrl : jdbc:mysql://localhost:3306/horde?useUnicode=true&characterEncoding=utf-8&allowPublicKeyRetrieval=true&useSSL=false, version : 1.2.4, lastPacketReceivedIdleMillis : 179227
[TID: N/A][2021-03-25 13:56:49.827 [33m WARN[0;39m DruidAbstractDataSource:?] discard long time none received connection. , jdbcUrl : jdbc:mysql://localhost:3306/horde?useUnicode=true&characterEncoding=utf-8&allowPublicKeyRetrieval=true&useSSL=false, version : 1.2.4, lastPacketReceivedIdleMillis : 179276
[TID: N/A][2021-03-25 13:59:49.790 [33m WARN[0;39m DruidAbstractDataSource:?] discard long time none received connection. , jdbcUrl : jdbc:mysql://localhost:3306/horde?useUnicode=true&characterEncoding=utf-8&allowPublicKeyRetrieval=true&useSSL=false, version : 1.2.4, lastPacketReceivedIdleMillis : 179159
[TID: N/A][2021-03-25 14:02:49.793 [33m WARN[0;39m DruidAbstractDataSource:?] discard long time none received connection. , jdbcUrl : jdbc:mysql://localhost:3306/horde?useUnicode=true&characterEncoding=utf-8&allowPublicKeyRetrieval=true&useSSL=false, version : 1.2.4, lastPacketReceivedIdleMillis : 179266
[TID: N/A][2021-03-25 14:05:49.780 [33m WARN[0;39m DruidAbstractDataSource:?] discard long time none received connection. , jdbcUrl : jdbc:mysql://localhost:3306/horde?useUnicode=true&characterEncoding=utf-8&allowPublicKeyRetrieval=true&useSSL=false, version : 1.2.4, lastPacketReceivedIdleMillis : 179173
[TID: N/A][2021-03-25 14:08:49.781 [33m WARN[0;39m DruidAbstractDataSource:?] discard long time none received connection. , jdbcUrl : jdbc:mysql://localhost:3306/horde?useUnicode=true&characterEncoding=utf-8&allowPublicKeyRetrieval=true&useSSL=false, version : 1.2.4, lastPacketReceivedIdleMillis : 179083
[TID: N/A][2021-03-25 14:11:49.797 [33m WARN[0;39m DruidAbstractDataSource:?] discard long time none received connection. , jdbcUrl : jdbc:mysql://localhost:3306/horde?useUnicode=true&characterEncoding=utf-8&allowPublicKeyRetrieval=true&useSSL=false, version : 1.2.4, lastPacketReceivedIdleMillis : 179265
[TID: N/A][2021-03-25 14:14:49.802 [33m WARN[0;39m DruidAbstractDataSource:?] discard long time none received connection. , jdbcUrl : jdbc:mysql://localhost:3306/horde?useUnicode=true&characterEncoding=utf-8&allowPublicKeyRetrieval=true&useSSL=false, version : 1.2.4, lastPacketReceivedIdleMillis : 179223
[TID: N/A][2021-03-25 14:17:49.801 [33m WARN[0;39m DruidAbstractDataSource:?] discard long time none received connection. , jdbcUrl : jdbc:mysql://localhost:3306/horde?useUnicode=true&characterEncoding=utf-8&allowPublicKeyRetrieval=true&useSSL=false, version : 1.2.4, lastPacketReceivedIdleMillis : 179243
[TID: N/A][2021-03-25 14:26:24.569 [33m WARN[0;39m DruidAbstractDataSource:?] discard long time none received connection. , jdbcUrl : jdbc:mysql://localhost:3306/horde?useUnicode=true&characterEncoding=utf-8&allowPublicKeyRetrieval=true&useSSL=false, version : 1.2.4, lastPacketReceivedIdleMillis : 514054
[TID: N/A][2021-03-25 14:29:24.604 [33m WARN[0;39m DruidAbstractDataSource:?] discard long time none received connection. , jdbcUrl : jdbc:mysql://localhost:3306/horde?useUnicode=true&characterEncoding=utf-8&allowPublicKeyRetrieval=true&useSSL=false, version : 1.2.4, lastPacketReceivedIdleMillis : 179267
[TID: N/A][2021-03-25 14:32:24.559 [33m WARN[0;39m DruidAbstractDataSource:?] discard long time none received connection. , jdbcUrl : jdbc:mysql://localhost:3306/horde?useUnicode=true&characterEncoding=utf-8&allowPublicKeyRetrieval=true&useSSL=false, version : 1.2.4, lastPacketReceivedIdleMillis : 178961
[TID: N/A][2021-03-25 14:35:24.540 [33m WARN[0;39m DruidAbstractDataSource:?] discard long time none received connection. , jdbcUrl : jdbc:mysql://localhost:3306/horde?useUnicode=true&characterEncoding=utf-8&allowPublicKeyRetrieval=true&useSSL=false, version : 1.2.4, lastPacketReceivedIdleMillis : 179233
[TID: N/A][2021-03-25 14:38:24.542 [33m WARN[0;39m DruidAbstractDataSource:?] discard long time none received connection. , jdbcUrl : jdbc:mysql://localhost:3306/horde?useUnicode=true&characterEncoding=utf-8&allowPublicKeyRetrieval=true&useSSL=false, version : 1.2.4, lastPacketReceivedIdleMillis : 179268
[TID: N/A][2021-03-25 14:41:24.542 [33m WARN[0;39m DruidAbstractDataSource:?] discard long time none received connection. , jdbcUrl : jdbc:mysql://localhost:3306/horde?useUnicode=true&characterEncoding=utf-8&allowPublicKeyRetrieval=true&useSSL=false, version : 1.2.4, lastPacketReceivedIdleMillis : 179181
[TID: N/A][2021-03-25 14:44:24.549 [33m WARN[0;39m DruidAbstractDataSource:?] discard long time none received connection. , jdbcUrl : jdbc:mysql://localhost:3306/horde?useUnicode=true&characterEncoding=utf-8&allowPublicKeyRetrieval=true&useSSL=false, version : 1.2.4, lastPacketReceivedIdleMillis : 179291
[TID: N/A][2021-03-25 14:47:24.549 [33m WARN[0;39m DruidAbstractDataSource:?] discard long time none received connection. , jdbcUrl : jdbc:mysql://localhost:3306/horde?useUnicode=true&characterEncoding=utf-8&allowPublicKeyRetrieval=true&useSSL=false, version : 1.2.4, lastPacketReceivedIdleMillis : 179239
[TID: N/A][2021-03-25 14:50:24.529 [33m WARN[0;39m DruidAbstractDataSource:?] discard long time none received connection. , jdbcUrl : jdbc:mysql://localhost:3306/horde?useUnicode=true&characterEncoding=utf-8&allowPublicKeyRetrieval=true&useSSL=false, version : 1.2.4, lastPacketReceivedIdleMillis : 179308
[TID: N/A][2021-03-25 14:53:24.524 [33m WARN[0;39m DruidAbstractDataSource:?] discard long time none received connection. , jdbcUrl : jdbc:mysql://localhost:3306/horde?useUnicode=true&characterEncoding=utf-8&allowPublicKeyRetrieval=true&useSSL=false, version : 1.2.4, lastPacketReceivedIdleMillis : 179242
[TID: N/A][2021-03-25 14:56:24.527 [33m WARN[0;39m DruidAbstractDataSource:?] discard long time none received connection. , jdbcUrl : jdbc:mysql://localhost:3306/horde?useUnicode=true&characterEncoding=utf-8&allowPublicKeyRetrieval=true&useSSL=false, version : 1.2.4, lastPacketReceivedIdleMillis : 179256
[TID: N/A][2021-03-25 14:57:54.496 [33m WARN[0;39m DruidAbstractDataSource:?] discard long time none received connection. , jdbcUrl : jdbc:mysql://localhost:3306/horde?useUnicode=true&characterEncoding=utf-8&allowPublicKeyRetrieval=true&useSSL=false, version : 1.2.4, lastPacketReceivedIdleMillis : 89175
[TID: N/A][2021-03-25 14:59:24.564 [33m WARN[0;39m DruidAbstractDataSource:?] discard long time none received connection. , jdbcUrl : jdbc:mysql://localhost:3306/horde?useUnicode=true&characterEncoding=utf-8&allowPublicKeyRetrieval=true&useSSL=false, version : 1.2.4, lastPacketReceivedIdleMillis : 90065
[TID: N/A][2021-03-25 15:02:24.603 [33m WARN[0;39m DruidAbstractDataSource:?] discard long time none received connection. , jdbcUrl : jdbc:mysql://localhost:3306/horde?useUnicode=true&characterEncoding=utf-8&allowPublicKeyRetrieval=true&useSSL=false, version : 1.2.4, lastPacketReceivedIdleMillis : 179272
[TID: N/A][2021-03-25 15:02:46.728 [32m INFO[0;39m DruidDataSource:?] {dataSource-1} closing ...
[TID: N/A][2021-03-25 15:02:46.730 [32m INFO[0;39m DruidDataSource:?] {dataSource-1} closed
[TID: N/A][2021-03-25 15:02:49.693 [32m INFO[0;39m HordeApplication:55] Starting HordeApplication using Java 1.8.0_271 on chenxiaotongs-iMac.local with PID 34480 (/Users/chenxiaotong/Work/yt/theone-tools/horde/target/classes started by chenxiaotong in /Users/chenxiaotong/Work/yt/theone-tools/0-tools)
[TID: N/A][2021-03-25 15:02:49.696 [32m INFO[0;39m HordeApplication:664] The following profiles are active: database
[TID: N/A][2021-03-25 15:02:51.165 [32m INFO[0;39m DruidDataSourceAutoConfigure:?] Init DruidDataSource
[TID: N/A][2021-03-25 15:02:51.455 [32m INFO[0;39m DruidDataSource:?] {dataSource-1} inited
[TID: N/A][2021-03-25 15:02:52.330 [32m INFO[0;39m HordeApplication:61] Started HordeApplication in 3.027 seconds (JVM running for 3.534)
[TID: N/A][2021-03-25 15:05:52.529 [33m WARN[0;39m DruidAbstractDataSource:?] discard long time none received connection. , jdbcUrl : jdbc:mysql://localhost:3306/horde?useUnicode=true&characterEncoding=utf-8&allowPublicKeyRetrieval=true&useSSL=false, version : 1.2.4, lastPacketReceivedIdleMillis : 178848
[TID: N/A][2021-03-25 15:05:52.530 [33m WARN[0;39m DruidAbstractDataSource:?] discard long time none received connection. , jdbcUrl : jdbc:mysql://localhost:3306/horde?useUnicode=true&characterEncoding=utf-8&allowPublicKeyRetrieval=true&useSSL=false, version : 1.2.4, lastPacketReceivedIdleMillis : 181081
[TID: N/A][2021-03-25 15:05:52.530 [33m WARN[0;39m DruidAbstractDataSource:?] discard long time none received connection. , jdbcUrl : jdbc:mysql://localhost:3306/horde?useUnicode=true&characterEncoding=utf-8&allowPublicKeyRetrieval=true&useSSL=false, version : 1.2.4, lastPacketReceivedIdleMillis : 181086
[TID: N/A][2021-03-25 15:07:07.236 [33m WARN[0;39m DruidAbstractDataSource:?] discard long time none received connection. , jdbcUrl : jdbc:mysql://localhost:3306/horde?useUnicode=true&characterEncoding=utf-8&allowPublicKeyRetrieval=true&useSSL=false, version : 1.2.4, lastPacketReceivedIdleMillis : 73762
[TID: N/A][2021-03-25 15:08:52.529 [33m WARN[0;39m DruidAbstractDataSource:?] discard long time none received connection. , jdbcUrl : jdbc:mysql://localhost:3306/horde?useUnicode=true&characterEncoding=utf-8&allowPublicKeyRetrieval=true&useSSL=false, version : 1.2.4, lastPacketReceivedIdleMillis : 105289
[TID: N/A][2021-03-25 15:11:52.538 [33m WARN[0;39m DruidAbstractDataSource:?] discard long time none received connection. , jdbcUrl : jdbc:mysql://localhost:3306/horde?useUnicode=true&characterEncoding=utf-8&allowPublicKeyRetrieval=true&useSSL=false, version : 1.2.4, lastPacketReceivedIdleMillis : 179213
