[TID: N/A][2021-03-11 21:28:49.916] [process_time=3399 ms][uri=/sso/current?][request=][response={"code":0,"msg":"SUCCESS","data":null}]
[TID: N/A][2021-03-11 21:28:50.320] [process_time=1 ms][uri=/favicon.ico?][request=][response=]
[TID: N/A][2021-03-11 21:28:52.829] [process_time=2 ms][uri=/sso/current?][request=][response={"code":0,"msg":"SUCCESS","data":null}]
[TID: N/A][2021-03-11 21:32:02.843] [process_time=35 ms][uri=/user/init?phone=18516198920][request={  "username": "chenxiaotong",  "group": "RD",  "email": "username"}][response={"code":10000,"msg":"系统繁忙，请稍后再试","data":null}]
[TID: N/A][2021-03-11 21:42:02.816] [process_time=3 ms][uri=/user/init?phone=18516198920][request={  "username": "chenxiaotong",  "group": "RD",  "email": "username"}][response={"code":10000,"msg":"系统繁忙，请稍后再试","data":null}]
[TID: N/A][2021-03-11 21:50:29.721] [process_time=125 ms][uri=/user/init?phone=18516198920][request={  "username": "chenxiaotong",  "group": "RD",  "email": "username"}][response={"code":10000,"msg":"系统繁忙，请稍后再试","data":null}]
[TID: N/A][2021-03-11 21:52:19.577] [process_time=75309 ms][uri=/user/init?phone=18516198920][request={  "username": "chenxiaotong",  "group": "RD",  "email": "username"}][response={"code":10000,"msg":"系统繁忙，请稍后再试","data":null}]
[TID: N/A][2021-03-11 21:57:45.049] [process_time=21 ms][uri=/sso/current?][request=][response={"code":0,"msg":"SUCCESS","data":null}]
[TID: N/A][2021-03-11 21:58:34.277] [process_time=46346 ms][uri=/user/init?phone=18516198920][request={  "username": "chenxiaotong",  "group": "RD",  "email": "username"}][response={"code":10000,"msg":"系统繁忙，请稍后再试","data":null}]
[TID: N/A][2021-03-11 22:17:06.758] [process_time=77 ms][uri=/user/init?phone=18516198920][request={  "username": "chenxiaotong",  "group": "RD",  "email": "username"}][response={"code":10000,"msg":"系统繁忙，请稍后再试","data":null}]
[TID: N/A][2021-03-11 22:19:37.016] [process_time=2593 ms][uri=/user/init?phone=18516198920][request={  "username": "chenxiaotong",  "group": "RD",  "email": "username"}][response={"code":0,"msg":"SUCCESS","data":null}]
[TID: N/A][2021-03-11 22:20:01.399] [process_time=15 ms][uri=/user/init?phone=18516198920][request={  "username": "chenxiaotong",  "group": "RD",  "email": "username"}][response={"code":0,"msg":"SUCCESS","data":null}]
[TID: N/A][2021-03-11 22:20:22.013] [process_time=9 ms][uri=/sso/login?][request={  "username": "chenxiaotong",  "password": "username"}][response={"code":10000,"msg":"该账号不存在或不可用","data":null}]
[TID: N/A][2021-03-11 22:20:42.214] [process_time=5 ms][uri=/sso/login?][request={  "username": "chenxiaotong",  "password": "username"}][response={"code":10000,"msg":"该账号不存在或不可用","data":null}]
[TID: N/A][2021-03-11 22:24:19.786] [process_time=5 ms][uri=/sso/login?][request={  "username": "chenxiaotong",  "password": "username"}][response={"code":10000,"msg":"该账号不存在或不可用","data":null}]
[TID: N/A][2021-03-11 22:25:25.957] [process_time=100 ms][uri=/user/init?phone=18516198920][request={  "username": "chenxiaotong",  "group": "RD",  "email": "81773322@qq.com"}][response={"code":0,"msg":"SUCCESS","data":{"username":"chenxiaotong","phone":"18516198920","group":"RD","groupView":"研发","level":null,"levelView":null,"realName":"陈孝通","email":"81773322@qq.com","status":"AVAILABLE","statusView":"可用","createTime":"2021-02-27 15:05:29"}}]
[TID: N/A][2021-03-11 22:26:47.747] [process_time=76 ms][uri=/user/init?phone=18516198920][request={  "username": "chenxiaotong",  "group": "RD",  "email": "81773322@qq.com"}][response={"code":10000,"msg":"该用户已初始化","data":null}]
[TID: N/A][2021-03-11 22:27:06.059] [process_time=34 ms][uri=/user/init?phone=18516198920][request={  "username": "chenxiaotong",  "group": "RD",  "email": "81773322@qq.com"}][response={"code":0,"msg":"SUCCESS","data":{"username":"chenxiaotong","phone":"18516198920","group":"RD","groupView":"研发","level":null,"levelView":null,"realName":"陈孝通","email":"81773322@qq.com","status":"AVAILABLE","statusView":"可用","createTime":"2021-02-27 15:05:29"}}]
[TID: N/A][2021-03-11 22:29:04.077] [process_time=73 ms][uri=/user/init?phone=18516198920][request={  "username": "chenxiaotong",  "group": "RD",  "email": "81773322@qq.com"}][response={"code":10000,"msg":"该用户已初始化","data":null}]
[TID: N/A][2021-03-11 22:29:20.849] [process_time=35 ms][uri=/user/init?phone=18516198920][request={  "username": "chenxiaotong",  "group": "RD",  "email": "81773322@qq.com"}][response={"code":0,"msg":"SUCCESS","data":{"username":"chenxiaotong","phone":"18516198920","group":"RD","groupView":"研发","level":"UNKNOWN","levelView":"未指定","realName":"陈孝通","email":"81773322@qq.com","status":"AVAILABLE","statusView":"可用","createTime":"2021-02-27 15:05:29"}}]
[TID: N/A][2021-03-11 22:29:36.495] [process_time=12 ms][uri=/sso/login?][request={  "username": "chenxiaotong",  "password": "username"}][response={"code":10000,"msg":"密码错误","data":null}]
[TID: N/A][2021-03-11 22:29:42.371] [process_time=3 ms][uri=/sso/login?][request={  "username": "chenxiaotong",  "password": "chenxiaotong"}][response={"code":10000,"msg":"密码错误","data":null}]
[TID: N/A][2021-03-11 22:30:54.744] [process_time=10 ms][uri=/sso/login?][request={  "username": "chenxiaotong",  "password": "bda0fb4a4713ce8175aa96789608e185"}][response={"code":10000,"msg":"系统繁忙，请稍后再试","data":null}]
[TID: N/A][2021-03-11 22:40:01.972] [process_time=197 ms][uri=/sso/login?][request={  "username": "chenxiaotong",  "password": "bda0fb4a4713ce8175aa96789608e185"}][response={"code":10000,"msg":"系统繁忙，请稍后再试","data":null}]
[TID: N/A][2021-03-11 22:41:04.458] [process_time=14 ms][uri=/sso/login?][request={  "username": "chenxiaotong",  "password": "bda0fb4a4713ce8175aa96789608e185"}][response={"code":0,"msg":"SUCCESS","data":{"username":"chenxiaotong","phone":"18516198920","group":"RD","level":"UNKNOWN","realName":"陈孝通","email":"81773322@qq.com","avatar":"https://static-legacy.dingtalk.com/media/lADPD4BhsmLNPizNAhXNAhY_534_533.jpg","status":"AVAILABLE","createTime":[2021,2,27,15,5,29]}}]
[TID: N/A][2021-03-11 22:41:09.149] [process_time=5 ms][uri=/sso/login?][request={  "username": "chenxiaotong",  "password": "bda0fb4a4713ce8175aa96789608e185"}][response={"code":0,"msg":"SUCCESS","data":{"username":"chenxiaotong","phone":"18516198920","group":"RD","level":"UNKNOWN","realName":"陈孝通","email":"81773322@qq.com","avatar":"https://static-legacy.dingtalk.com/media/lADPD4BhsmLNPizNAhXNAhY_534_533.jpg","status":"AVAILABLE","createTime":[2021,2,27,15,5,29]}}]
